%CPU %MEM ARGS Tue Mar 22 00:17:50 UTC 2022
 0.0  0.3 bash
 0.0  0.1 bash
 0.0  0.3 ps
 0.0  0.0 cut
 0.0  0.0 tail
 0.2  2.4 /usr/libexec/netdata/plugins.d/ebpf.plugin
 0.2  5.5 /usr/bin/python3
 0.7  0.5 /usr/libexec/netdata/plugins.d/apps.plugin
 0.8  2.1 /usr/bin/python3
 1.0  9.7 /usr/sbin/netdata
%CPU %MEM ARGS Tue Mar 22 00:25:33 UTC 2022
 0.0  0.3 ps
 0.0  0.0 cut
 0.0  0.0 tail
 0.1  1.6 postgres:
 0.2  2.4 /usr/libexec/netdata/plugins.d/ebpf.plugin
 0.3  1.7 postgres:
 0.7  0.5 /usr/libexec/netdata/plugins.d/apps.plugin
 0.8  2.1 /usr/bin/python3
 1.0  9.7 /usr/sbin/netdata
 2.2  6.1 /usr/bin/python3
%CPU %MEM ARGS Tue Mar 22 00:47:50 UTC 2022
 0.0  0.0 tail
 0.1  0.6 sshd:
 0.1  0.2 SCREEN
 0.2  2.4 /usr/libexec/netdata/plugins.d/ebpf.plugin
 0.2  1.8 postgres:
 0.3  1.7 postgres:
 0.7  0.5 /usr/libexec/netdata/plugins.d/apps.plugin
 0.8  2.1 /usr/bin/python3
 1.0  9.7 /usr/sbin/netdata
 4.0  6.2 /usr/bin/python3
%CPU %MEM ARGS Tue Mar 22 00:55:33 UTC 2022
 0.0  0.0 tail
 0.1  0.6 sshd:
 0.1  0.2 SCREEN
 0.2  2.4 /usr/libexec/netdata/plugins.d/ebpf.plugin
 0.2  1.8 postgres:
 0.3  1.7 postgres:
 0.7  0.5 /usr/libexec/netdata/plugins.d/apps.plugin
 0.8  2.1 /usr/bin/python3
 1.0  9.7 /usr/sbin/netdata
 4.2  6.2 /usr/bin/python3
%CPU %MEM ARGS Tue Mar 22 01:17:50 UTC 2022
 0.0  0.0 tail
 0.1  0.6 sshd:
 0.1  0.2 SCREEN
 0.2  2.4 /usr/libexec/netdata/plugins.d/ebpf.plugin
 0.2  1.8 postgres:
 0.3  1.9 postgres:
 0.7  0.5 /usr/libexec/netdata/plugins.d/apps.plugin
 0.8  2.1 /usr/bin/python3
 1.0  9.7 /usr/sbin/netdata
 4.5  6.2 /usr/bin/python3
%CPU %MEM ARGS Tue Mar 22 01:25:33 UTC 2022
 0.0  0.0 tail
 0.1  0.6 sshd:
 0.1  0.2 SCREEN
 0.2  2.4 /usr/libexec/netdata/plugins.d/ebpf.plugin
 0.2  1.8 postgres:
 0.3  1.9 postgres:
 0.7  0.5 /usr/libexec/netdata/plugins.d/apps.plugin
 0.8  2.1 /usr/bin/python3
 1.0  9.7 /usr/sbin/netdata
 4.5  6.2 /usr/bin/python3
%CPU %MEM ARGS Tue Mar 22 01:47:50 UTC 2022
 0.0  0.0 tail
 0.1  0.6 sshd:
 0.1  0.2 SCREEN
 0.2  2.4 /usr/libexec/netdata/plugins.d/ebpf.plugin
 0.2  2.0 postgres:
 0.3  1.9 postgres:
 0.7  0.5 /usr/libexec/netdata/plugins.d/apps.plugin
 0.8  2.1 /usr/bin/python3
 1.0  9.7 /usr/sbin/netdata
 4.7  6.3 /usr/bin/python3
%CPU %MEM ARGS Tue Mar 22 01:55:33 UTC 2022
 0.0  0.0 tail
 0.1  0.6 sshd:
 0.1  0.2 SCREEN
 0.2  2.4 /usr/libexec/netdata/plugins.d/ebpf.plugin
 0.3  2.0 postgres:
 0.3  1.9 postgres:
 0.7  0.5 /usr/libexec/netdata/plugins.d/apps.plugin
 0.8  2.1 /usr/bin/python3
 1.0  9.7 /usr/sbin/netdata
 4.7  6.3 /usr/bin/python3
%CPU %MEM ARGS Tue Mar 22 02:17:50 UTC 2022
 0.0  0.0 tail
 0.1  0.6 sshd:
 0.1  0.2 SCREEN
 0.2  2.4 /usr/libexec/netdata/plugins.d/ebpf.plugin
 0.3  2.0 postgres:
 0.3  2.1 postgres:
 0.7  0.5 /usr/libexec/netdata/plugins.d/apps.plugin
 0.8  2.1 /usr/bin/python3
 1.0  9.7 /usr/sbin/netdata
 4.8  6.3 /usr/bin/python3
%CPU %MEM ARGS Tue Mar 22 02:25:33 UTC 2022
 0.0  0.0 tail
 0.1  0.6 sshd:
 0.1  0.2 SCREEN
 0.2  2.4 /usr/libexec/netdata/plugins.d/ebpf.plugin
 0.3  2.0 postgres:
 0.3  2.1 postgres:
 0.7  0.5 /usr/libexec/netdata/plugins.d/apps.plugin
 0.8  2.1 /usr/bin/python3
 1.0  9.7 /usr/sbin/netdata
 4.8  6.3 /usr/bin/python3
%CPU %MEM ARGS Tue Mar 22 02:47:50 UTC 2022
 0.0  0.0 tail
 0.1  0.6 sshd:
 0.1  0.2 SCREEN
 0.2  2.4 /usr/libexec/netdata/plugins.d/ebpf.plugin
 0.3  2.0 postgres:
 0.3  2.1 postgres:
 0.7  0.5 /usr/libexec/netdata/plugins.d/apps.plugin
 0.8  2.1 /usr/bin/python3
 1.0  9.8 /usr/sbin/netdata
 4.9  6.3 /usr/bin/python3
%CPU %MEM ARGS Tue Mar 22 02:55:33 UTC 2022
 0.0  0.0 tail
 0.1  0.6 sshd:
 0.1  0.2 SCREEN
 0.2  2.4 /usr/libexec/netdata/plugins.d/ebpf.plugin
 0.3  2.0 postgres:
 0.3  2.1 postgres:
 0.7  0.5 /usr/libexec/netdata/plugins.d/apps.plugin
 0.8  2.1 /usr/bin/python3
 1.0  9.8 /usr/sbin/netdata
 4.9  6.3 /usr/bin/python3
%CPU %MEM ARGS Tue Mar 22 03:17:50 UTC 2022
 0.0  0.0 tail
 0.1  0.2 SCREEN
 0.2  2.4 /usr/libexec/netdata/plugins.d/ebpf.plugin
 0.2  0.6 sshd:
 0.3  2.0 postgres:
 0.3  2.1 postgres:
 0.7  0.5 /usr/libexec/netdata/plugins.d/apps.plugin
 0.8  2.1 /usr/bin/python3
 1.0  9.8 /usr/sbin/netdata
 4.9  6.3 /usr/bin/python3
%CPU %MEM ARGS Tue Mar 22 03:25:33 UTC 2022
 0.0  0.0 tail
 0.1  0.2 SCREEN
 0.2  2.4 /usr/libexec/netdata/plugins.d/ebpf.plugin
 0.2  0.6 sshd:
 0.3  2.0 postgres:
 0.3  2.1 postgres:
 0.7  0.5 /usr/libexec/netdata/plugins.d/apps.plugin
 0.8  2.1 /usr/bin/python3
 1.0  9.8 /usr/sbin/netdata
 4.9  6.3 /usr/bin/python3
%CPU %MEM ARGS Tue Mar 22 03:47:50 UTC 2022
 0.0  0.0 tail
 0.1  0.2 SCREEN
 0.2  2.4 /usr/libexec/netdata/plugins.d/ebpf.plugin
 0.2  0.6 sshd:
 0.3  2.0 postgres:
 0.3  2.1 postgres:
 0.7  0.5 /usr/libexec/netdata/plugins.d/apps.plugin
 0.8  2.1 /usr/bin/python3
 1.0  9.8 /usr/sbin/netdata
 4.9  6.3 /usr/bin/python3
%CPU %MEM ARGS Tue Mar 22 03:55:33 UTC 2022
 0.0  0.0 tail
 0.1  0.2 SCREEN
 0.2  2.4 /usr/libexec/netdata/plugins.d/ebpf.plugin
 0.2  0.6 sshd:
 0.3  2.0 postgres:
 0.3  2.1 postgres:
 0.7  0.5 /usr/libexec/netdata/plugins.d/apps.plugin
 0.8  2.1 /usr/bin/python3
 1.0  9.8 /usr/sbin/netdata
 4.9  6.3 /usr/bin/python3
%CPU %MEM ARGS Tue Mar 22 04:17:50 UTC 2022
 0.0  0.0 tail
 0.1  0.2 SCREEN
 0.2  2.4 /usr/libexec/netdata/plugins.d/ebpf.plugin
 0.2  0.6 sshd:
 0.3  2.0 postgres:
 0.3  2.1 postgres:
 0.7  0.5 /usr/libexec/netdata/plugins.d/apps.plugin
 0.8  2.1 /usr/bin/python3
 1.0  9.8 /usr/sbin/netdata
 5.0  6.3 /usr/bin/python3
%CPU %MEM ARGS Tue Mar 22 04:25:33 UTC 2022
 0.0  0.0 tail
 0.1  0.2 SCREEN
 0.2  2.4 /usr/libexec/netdata/plugins.d/ebpf.plugin
 0.2  0.6 sshd:
 0.3  2.0 postgres:
 0.3  2.1 postgres:
 0.7  0.5 /usr/libexec/netdata/plugins.d/apps.plugin
 0.8  2.1 /usr/bin/python3
 1.0  9.8 /usr/sbin/netdata
 5.0  6.3 /usr/bin/python3
%CPU %MEM ARGS Tue Mar 22 04:47:50 UTC 2022
 0.0  0.0 tail
 0.1  0.2 SCREEN
 0.2  2.4 /usr/libexec/netdata/plugins.d/ebpf.plugin
 0.2  0.6 sshd:
 0.3  2.0 postgres:
 0.3  2.1 postgres:
 0.7  0.5 /usr/libexec/netdata/plugins.d/apps.plugin
 0.8  2.1 /usr/bin/python3
 1.0  9.8 /usr/sbin/netdata
 5.0  6.3 /usr/bin/python3
%CPU %MEM ARGS Tue Mar 22 04:55:33 UTC 2022
 0.0  0.0 tail
 0.1  0.2 SCREEN
 0.2  2.4 /usr/libexec/netdata/plugins.d/ebpf.plugin
 0.2  0.6 sshd:
 0.3  2.0 postgres:
 0.3  2.1 postgres:
 0.7  0.5 /usr/libexec/netdata/plugins.d/apps.plugin
 0.8  2.1 /usr/bin/python3
 1.0  9.8 /usr/sbin/netdata
 5.0  6.3 /usr/bin/python3
%CPU %MEM ARGS Tue Mar 22 05:17:50 UTC 2022
 0.0  0.0 tail
 0.1  0.2 SCREEN
 0.2  2.4 /usr/libexec/netdata/plugins.d/ebpf.plugin
 0.2  0.6 sshd:
 0.3  2.0 postgres:
 0.3  2.1 postgres:
 0.7  0.5 /usr/libexec/netdata/plugins.d/apps.plugin
 0.8  2.1 /usr/bin/python3
 1.0  9.8 /usr/sbin/netdata
 5.0  6.3 /usr/bin/python3
%CPU %MEM ARGS Tue Mar 22 05:25:33 UTC 2022
 0.0  0.0 tail
 0.1  0.2 SCREEN
 0.2  2.4 /usr/libexec/netdata/plugins.d/ebpf.plugin
 0.2  0.6 sshd:
 0.3  2.0 postgres:
 0.3  2.1 postgres:
 0.7  0.5 /usr/libexec/netdata/plugins.d/apps.plugin
 0.8  2.1 /usr/bin/python3
 1.0  9.8 /usr/sbin/netdata
 5.0  6.3 /usr/bin/python3
%CPU %MEM ARGS Tue Mar 22 05:47:50 UTC 2022
 0.0  0.0 tail
 0.1  0.2 SCREEN
 0.2  2.4 /usr/libexec/netdata/plugins.d/ebpf.plugin
 0.2  0.6 sshd:
 0.3  2.0 postgres:
 0.3  2.1 postgres:
 0.7  0.5 /usr/libexec/netdata/plugins.d/apps.plugin
 0.8  2.1 /usr/bin/python3
 1.0  9.8 /usr/sbin/netdata
 5.0  6.3 /usr/bin/python3
%CPU %MEM ARGS Tue Mar 22 05:55:33 UTC 2022
 0.0  0.0 tail
 0.1  0.2 SCREEN
 0.2  2.4 /usr/libexec/netdata/plugins.d/ebpf.plugin
 0.2  0.6 sshd:
 0.3  2.0 postgres:
 0.3  2.1 postgres:
 0.7  0.5 /usr/libexec/netdata/plugins.d/apps.plugin
 0.8  2.1 /usr/bin/python3
 1.0  9.8 /usr/sbin/netdata
 5.0  6.3 /usr/bin/python3
%CPU %MEM ARGS Tue Mar 22 06:17:50 UTC 2022
 0.0  0.0 tail
 0.1  0.2 SCREEN
 0.2  2.4 /usr/libexec/netdata/plugins.d/ebpf.plugin
 0.2  0.6 sshd:
 0.3  2.0 postgres:
 0.3  2.1 postgres:
 0.7  0.5 /usr/libexec/netdata/plugins.d/apps.plugin
 0.8  2.1 /usr/bin/python3
 1.0  9.8 /usr/sbin/netdata
 5.0  6.3 /usr/bin/python3
%CPU %MEM ARGS Tue Mar 22 06:25:33 UTC 2022
 0.0  0.0 tail
 0.1  0.2 SCREEN
 0.2  2.4 /usr/libexec/netdata/plugins.d/ebpf.plugin
 0.2  0.6 sshd:
 0.3  2.0 postgres:
 0.3  2.1 postgres:
 0.7  0.5 /usr/libexec/netdata/plugins.d/apps.plugin
 0.8  2.1 /usr/bin/python3
 1.0  9.8 /usr/sbin/netdata
 5.0  6.3 /usr/bin/python3
%CPU %MEM ARGS Tue Mar 22 06:47:50 UTC 2022
 0.0  0.0 tail
 0.1  0.2 SCREEN
 0.2  2.4 /usr/libexec/netdata/plugins.d/ebpf.plugin
 0.2  0.6 sshd:
 0.3  2.0 postgres:
 0.3  2.1 postgres:
 0.7  0.5 /usr/libexec/netdata/plugins.d/apps.plugin
 0.8  2.1 /usr/bin/python3
 1.0 10.0 /usr/sbin/netdata -D
 5.0  6.3 /usr/bin/python3
%CPU %MEM ARGS Tue Mar 22 06:55:33 UTC 2022
 0.0  0.0 tail
 0.1  0.2 SCREEN
 0.2  2.4 /usr/libexec/netdata/plugins.d/ebpf.plugin
 0.2  0.6 sshd:
 0.3  2.0 postgres:
 0.3  2.1 postgres:
 0.7  0.5 /usr/libexec/netdata/plugins.d/apps.plugin
 0.8  2.1 /usr/bin/python3
 1.0 10.0 /usr/sbin/netdata -D
 5.0  6.3 /usr/bin/python3
%CPU %MEM ARGS Tue Mar 22 07:17:50 UTC 2022
 0.0  0.0 tail
 0.1  0.2 SCREEN
 0.2  2.4 /usr/libexec/netdata/plugins.d/ebpf.plugin
 0.2  0.6 sshd:
 0.3  2.0 postgres:
 0.3  2.1 postgres:
 0.7  0.5 /usr/libexec/netdata/plugins.d/apps.plugin
 0.8  2.1 /usr/bin/python3
 1.0 10.0 /usr/sbin/netdata -D
 5.0  6.3 /usr/bin/python3
%CPU %MEM ARGS Tue Mar 22 07:25:33 UTC 2022
 0.0  0.0 tail
 0.1  0.2 SCREEN
 0.2  2.4 /usr/libexec/netdata/plugins.d/ebpf.plugin
 0.2  0.6 sshd:
 0.3  2.0 postgres:
 0.3  2.1 postgres:
 0.7  0.5 /usr/libexec/netdata/plugins.d/apps.plugin
 0.8  2.1 /usr/bin/python3
 1.0 10.0 /usr/sbin/netdata -D
 5.0  6.3 /usr/bin/python3
%CPU %MEM ARGS Tue Mar 22 07:47:50 UTC 2022
 0.0  0.0 tail
 0.1  0.2 SCREEN
 0.2  2.4 /usr/libexec/netdata/plugins.d/ebpf.plugin
 0.2  0.6 sshd:
 0.3  2.0 postgres:
 0.3  2.1 postgres:
 0.7  0.5 /usr/libexec/netdata/plugins.d/apps.plugin
 0.8  2.1 /usr/bin/python3
 1.0 10.0 /usr/sbin/netdata -D
 5.0  6.3 /usr/bin/python3
%CPU %MEM ARGS Tue Mar 22 07:55:33 UTC 2022
 0.0  0.0 tail
 0.1  0.2 SCREEN
 0.2  2.4 /usr/libexec/netdata/plugins.d/ebpf.plugin
 0.2  0.6 sshd:
 0.3  2.0 postgres:
 0.3  2.1 postgres:
 0.7  0.5 /usr/libexec/netdata/plugins.d/apps.plugin
 0.8  2.1 /usr/bin/python3
 1.0 10.0 /usr/sbin/netdata -D
 5.0  6.3 /usr/bin/python3
%CPU %MEM ARGS Tue Mar 22 08:17:50 UTC 2022
 0.0  0.0 tail
 0.1  0.2 SCREEN
 0.2  2.4 /usr/libexec/netdata/plugins.d/ebpf.plugin
 0.2  0.6 sshd:
 0.3  2.0 postgres:
 0.3  2.1 postgres:
 0.7  0.5 /usr/libexec/netdata/plugins.d/apps.plugin
 0.8  2.1 /usr/bin/python3
 1.0 10.0 /usr/sbin/netdata -D
 5.0  6.3 /usr/bin/python3
%CPU %MEM ARGS Tue Mar 22 08:25:33 UTC 2022
 0.0  0.0 tail
 0.1  0.2 SCREEN
 0.2  2.4 /usr/libexec/netdata/plugins.d/ebpf.plugin
 0.2  0.6 sshd:
 0.3  2.0 postgres:
 0.3  2.1 postgres:
 0.7  0.5 /usr/libexec/netdata/plugins.d/apps.plugin
 0.8  2.1 /usr/bin/python3
 1.0 10.0 /usr/sbin/netdata -D
 5.0  6.3 /usr/bin/python3
%CPU %MEM ARGS Tue Mar 22 08:47:50 UTC 2022
 0.0  0.0 tail
 0.1  0.2 SCREEN
 0.2  2.4 /usr/libexec/netdata/plugins.d/ebpf.plugin
 0.2  0.6 sshd:
 0.3  2.0 postgres:
 0.3  2.1 postgres:
 0.7  0.5 /usr/libexec/netdata/plugins.d/apps.plugin
 0.8  2.1 /usr/bin/python3
 1.1 10.0 /usr/sbin/netdata -D
 5.0  6.3 /usr/bin/python3
%CPU %MEM ARGS Tue Mar 22 08:55:33 UTC 2022
 0.0  0.0 tail
 0.1  0.2 SCREEN
 0.2  2.4 /usr/libexec/netdata/plugins.d/ebpf.plugin
 0.2  0.6 sshd:
 0.3  2.0 postgres:
 0.3  2.1 postgres:
 0.7  0.5 /usr/libexec/netdata/plugins.d/apps.plugin
 0.8  2.1 /usr/bin/python3
 1.1 10.0 /usr/sbin/netdata -D
 5.0  6.3 /usr/bin/python3
%CPU %MEM ARGS Tue Mar 22 09:17:50 UTC 2022
 0.0  0.0 tail
 0.1  0.2 SCREEN
 0.2  2.4 /usr/libexec/netdata/plugins.d/ebpf.plugin
 0.2  0.6 sshd:
 0.3  2.0 postgres:
 0.3  2.1 postgres:
 0.7  0.5 /usr/libexec/netdata/plugins.d/apps.plugin
 0.8  2.1 /usr/bin/python3
 1.1 10.0 /usr/sbin/netdata -D
 5.1  6.3 /usr/bin/python3
%CPU %MEM ARGS Tue Mar 22 09:25:33 UTC 2022
 0.0  0.0 tail
 0.1  0.2 SCREEN
 0.2  2.4 /usr/libexec/netdata/plugins.d/ebpf.plugin
 0.2  0.6 sshd:
 0.3  2.0 postgres:
 0.3  2.1 postgres:
 0.7  0.5 /usr/libexec/netdata/plugins.d/apps.plugin
 0.8  2.1 /usr/bin/python3
 1.1 10.0 /usr/sbin/netdata -D
 5.1  6.3 /usr/bin/python3
%CPU %MEM ARGS Tue Mar 22 09:47:50 UTC 2022
 0.0  0.0 tail
 0.1  0.2 SCREEN
 0.2  2.4 /usr/libexec/netdata/plugins.d/ebpf.plugin
 0.2  0.6 sshd:
 0.3  2.0 postgres:
 0.3  2.1 postgres:
 0.7  0.5 /usr/libexec/netdata/plugins.d/apps.plugin
 0.8  2.1 /usr/bin/python3
 1.1 10.0 /usr/sbin/netdata -D
 5.1  6.3 /usr/bin/python3
%CPU %MEM ARGS Tue Mar 22 09:55:33 UTC 2022
 0.0  0.0 tail
 0.1  0.2 SCREEN
 0.2  2.4 /usr/libexec/netdata/plugins.d/ebpf.plugin
 0.2  0.6 sshd:
 0.3  2.0 postgres:
 0.3  2.1 postgres:
 0.7  0.5 /usr/libexec/netdata/plugins.d/apps.plugin
 0.8  2.1 /usr/bin/python3
 1.1 10.0 /usr/sbin/netdata -D
 5.1  6.4 /usr/bin/python3
%CPU %MEM ARGS Tue Mar 22 10:17:50 UTC 2022
 0.0  0.0 tail
 0.1  0.2 SCREEN
 0.2  2.4 /usr/libexec/netdata/plugins.d/ebpf.plugin
 0.2  0.6 sshd:
 0.3  2.0 postgres:
 0.3  2.1 postgres:
 0.7  0.5 /usr/libexec/netdata/plugins.d/apps.plugin
 0.8  2.1 /usr/bin/python3
 1.1 10.0 /usr/sbin/netdata -D
 5.0  6.4 /usr/bin/python3
%CPU %MEM ARGS Tue Mar 22 10:25:33 UTC 2022
 0.0  0.0 tail
 0.1  0.2 SCREEN
 0.2  2.4 /usr/libexec/netdata/plugins.d/ebpf.plugin
 0.2  0.6 sshd:
 0.3  2.0 postgres:
 0.3  2.1 postgres:
 0.7  0.5 /usr/libexec/netdata/plugins.d/apps.plugin
 0.8  2.1 /usr/bin/python3
 1.1 10.0 /usr/sbin/netdata -D
 5.0  6.4 /usr/bin/python3
%CPU %MEM ARGS Tue Mar 22 10:47:50 UTC 2022
 0.1  0.2 SCREEN
 0.1  2.9 /usr/libexec/fwupd/fwupd
 0.2  2.4 /usr/libexec/netdata/plugins.d/ebpf.plugin
 0.2  0.6 sshd:
 0.3  2.0 postgres:
 0.3  2.1 postgres:
 0.7  0.5 /usr/libexec/netdata/plugins.d/apps.plugin
 0.8  2.1 /usr/bin/python3
 1.1 10.0 /usr/sbin/netdata -D
 5.0  6.4 /usr/bin/python3
%CPU %MEM ARGS Tue Mar 22 10:55:33 UTC 2022
 0.0  0.0 tail
 0.1  0.2 SCREEN
 0.2  2.4 /usr/libexec/netdata/plugins.d/ebpf.plugin
 0.2  0.6 sshd:
 0.3  2.0 postgres:
 0.3  2.1 postgres:
 0.7  0.5 /usr/libexec/netdata/plugins.d/apps.plugin
 0.8  2.1 /usr/bin/python3
 1.1 10.0 /usr/sbin/netdata -D
 5.1  6.4 /usr/bin/python3
%CPU %MEM ARGS Tue Mar 22 11:17:51 UTC 2022
 0.0  0.0 tail
 0.1  0.2 SCREEN
 0.2  2.4 /usr/libexec/netdata/plugins.d/ebpf.plugin
 0.2  0.6 sshd:
 0.3  2.0 postgres:
 0.3  2.1 postgres:
 0.7  0.5 /usr/libexec/netdata/plugins.d/apps.plugin
 0.8  2.1 /usr/bin/python3
 1.1 10.1 /usr/sbin/netdata -D
 5.1  6.5 /usr/bin/python3
%CPU %MEM ARGS Tue Mar 22 11:25:33 UTC 2022
 0.0  0.0 tail
 0.1  0.2 SCREEN
 0.2  2.4 /usr/libexec/netdata/plugins.d/ebpf.plugin
 0.2  0.6 sshd:
 0.3  2.0 postgres:
 0.3  2.1 postgres:
 0.7  0.5 /usr/libexec/netdata/plugins.d/apps.plugin
 0.8  2.1 /usr/bin/python3
 1.1 10.1 /usr/sbin/netdata -D
 5.1  6.5 /usr/bin/python3
%CPU %MEM ARGS Tue Mar 22 11:47:51 UTC 2022
 0.0  0.0 tail
 0.1  0.2 SCREEN
 0.2  2.4 /usr/libexec/netdata/plugins.d/ebpf.plugin
 0.2  0.6 sshd:
 0.3  2.1 postgres:
 0.3  2.1 postgres:
 0.7  0.5 /usr/libexec/netdata/plugins.d/apps.plugin
 0.8  2.1 /usr/bin/python3
 1.1 10.1 /usr/sbin/netdata -D
 5.1  6.5 /usr/bin/python3
%CPU %MEM ARGS Tue Mar 22 11:55:33 UTC 2022
 0.0  0.0 tail
 0.1  0.2 SCREEN
 0.2  2.4 /usr/libexec/netdata/plugins.d/ebpf.plugin
 0.2  0.6 sshd:
 0.3  2.1 postgres:
 0.3  2.1 postgres:
 0.7  0.5 /usr/libexec/netdata/plugins.d/apps.plugin
 0.8  2.1 /usr/bin/python3
 1.1 10.1 /usr/sbin/netdata -D
 5.1  6.5 /usr/bin/python3
%CPU %MEM ARGS Tue Mar 22 12:17:51 UTC 2022
 0.0  0.0 tail
 0.1  0.2 SCREEN
 0.2  2.4 /usr/libexec/netdata/plugins.d/ebpf.plugin
 0.2  0.5 sshd:
 0.3  2.1 postgres:
 0.3  2.1 postgres:
 0.7  0.5 /usr/libexec/netdata/plugins.d/apps.plugin
 0.8  2.1 /usr/bin/python3
 1.1 10.0 /usr/sbin/netdata -D
 5.1  5.9 /usr/bin/python3
%CPU %MEM ARGS Tue Mar 22 12:25:33 UTC 2022
 0.0  0.0 tail
 0.1  0.2 SCREEN
 0.2  2.4 /usr/libexec/netdata/plugins.d/ebpf.plugin
 0.2  0.5 sshd:
 0.3  2.1 postgres:
 0.3  2.1 postgres:
 0.7  0.5 /usr/libexec/netdata/plugins.d/apps.plugin
 0.8  2.1 /usr/bin/python3
 1.1 10.0 /usr/sbin/netdata -D
 5.1  5.9 /usr/bin/python3
%CPU %MEM ARGS Tue Mar 22 12:47:51 UTC 2022
 0.0  0.0 tail
 0.1  0.2 SCREEN
 0.2  2.4 /usr/libexec/netdata/plugins.d/ebpf.plugin
 0.2  0.5 sshd:
 0.3  2.1 postgres:
 0.3  2.1 postgres:
 0.7  0.5 /usr/libexec/netdata/plugins.d/apps.plugin
 0.8  2.1 /usr/bin/python3
 1.1 10.0 /usr/sbin/netdata -D
 5.1  5.9 /usr/bin/python3
%CPU %MEM ARGS Tue Mar 22 12:55:33 UTC 2022
 0.0  0.0 tail
 0.1  0.2 SCREEN
 0.2  2.4 /usr/libexec/netdata/plugins.d/ebpf.plugin
 0.2  0.5 sshd:
 0.3  2.1 postgres:
 0.3  2.1 postgres:
 0.7  0.5 /usr/libexec/netdata/plugins.d/apps.plugin
 0.8  2.1 /usr/bin/python3
 1.1 10.0 /usr/sbin/netdata -D
 5.1  5.9 /usr/bin/python3
%CPU %MEM ARGS Tue Mar 22 13:17:51 UTC 2022
 0.0  0.0 tail
 0.1  0.2 SCREEN
 0.2  2.4 /usr/libexec/netdata/plugins.d/ebpf.plugin
 0.2  0.5 sshd:
 0.3  2.1 postgres:
 0.3  2.1 postgres:
 0.7  0.5 /usr/libexec/netdata/plugins.d/apps.plugin
 0.8  2.1 /usr/bin/python3
 1.1 10.0 /usr/sbin/netdata -D
 5.1  5.9 /usr/bin/python3
%CPU %MEM ARGS Tue Mar 22 13:25:33 UTC 2022
 0.0  0.0 tail
 0.1  0.2 SCREEN
 0.2  2.4 /usr/libexec/netdata/plugins.d/ebpf.plugin
 0.2  0.5 sshd:
 0.3  2.1 postgres:
 0.3  2.1 postgres:
 0.7  0.5 /usr/libexec/netdata/plugins.d/apps.plugin
 0.8  2.1 /usr/bin/python3
 1.1 10.0 /usr/sbin/netdata -D
 5.1  5.9 /usr/bin/python3
%CPU %MEM ARGS Tue Mar 22 13:47:51 UTC 2022
 0.0  0.0 tail
 0.1  0.2 SCREEN
 0.2  2.4 /usr/libexec/netdata/plugins.d/ebpf.plugin
 0.2  0.5 sshd:
 0.3  2.1 postgres:
 0.3  2.1 postgres:
 0.7  0.5 /usr/libexec/netdata/plugins.d/apps.plugin
 0.8  2.1 /usr/bin/python3
 1.1 10.1 /usr/sbin/netdata -D
 5.1  5.9 /usr/bin/python3
%CPU %MEM ARGS Tue Mar 22 13:55:33 UTC 2022
 0.0  0.0 tail
 0.1  0.2 SCREEN
 0.2  2.4 /usr/libexec/netdata/plugins.d/ebpf.plugin
 0.2  0.5 sshd:
 0.3  2.1 postgres:
 0.3  2.1 postgres:
 0.7  0.5 /usr/libexec/netdata/plugins.d/apps.plugin
 0.8  2.1 /usr/bin/python3
 1.1 10.2 /usr/sbin/netdata -D
 5.1  5.9 /usr/bin/python3
%CPU %MEM ARGS Tue Mar 22 14:17:51 UTC 2022
 0.0  0.0 tail
 0.1  0.2 SCREEN
 0.2  2.4 /usr/libexec/netdata/plugins.d/ebpf.plugin
 0.2  0.5 sshd:
 0.3  2.1 postgres:
 0.3  2.1 postgres:
 0.7  0.5 /usr/libexec/netdata/plugins.d/apps.plugin
 0.8  2.1 /usr/bin/python3
 1.1 10.2 /usr/sbin/netdata -D
 5.1  5.9 /usr/bin/python3
%CPU %MEM ARGS Tue Mar 22 14:25:33 UTC 2022
 0.0  0.0 tail
 0.1  0.2 SCREEN
 0.2  2.4 /usr/libexec/netdata/plugins.d/ebpf.plugin
 0.2  0.5 sshd:
 0.3  2.1 postgres:
 0.3  2.1 postgres:
 0.7  0.5 /usr/libexec/netdata/plugins.d/apps.plugin
 0.8  2.1 /usr/bin/python3
 1.1 10.3 /usr/sbin/netdata -D
 5.1  5.9 /usr/bin/python3
%CPU %MEM ARGS Tue Mar 22 14:47:51 UTC 2022
 0.0  0.0 tail
 0.1  0.2 SCREEN
 0.2  2.4 /usr/libexec/netdata/plugins.d/ebpf.plugin
 0.2  0.5 sshd:
 0.3  2.1 postgres:
 0.3  2.1 postgres:
 0.7  0.5 /usr/libexec/netdata/plugins.d/apps.plugin
 0.8  2.1 /usr/bin/python3
 1.1 10.3 /usr/sbin/netdata -D
 5.1  5.9 /usr/bin/python3
%CPU %MEM ARGS Tue Mar 22 14:55:34 UTC 2022
 0.0  0.0 tail
 0.1  0.2 SCREEN
 0.2  2.4 /usr/libexec/netdata/plugins.d/ebpf.plugin
 0.2  0.5 sshd:
 0.3  2.1 postgres:
 0.3  2.1 postgres:
 0.7  0.5 /usr/libexec/netdata/plugins.d/apps.plugin
 0.8  2.1 /usr/bin/python3
 1.1 10.3 /usr/sbin/netdata -D
 5.1  5.9 /usr/bin/python3
%CPU %MEM ARGS Tue Mar 22 15:17:51 UTC 2022
 0.0  0.0 tail
 0.1  0.2 SCREEN
 0.2  2.4 /usr/libexec/netdata/plugins.d/ebpf.plugin
 0.2  0.5 sshd:
 0.3  2.1 postgres:
 0.3  2.1 postgres:
 0.7  0.5 /usr/libexec/netdata/plugins.d/apps.plugin
 0.8  2.1 /usr/bin/python3
 1.1 10.3 /usr/sbin/netdata -D
 5.1  5.9 /usr/bin/python3
%CPU %MEM ARGS Tue Mar 22 15:25:34 UTC 2022
 0.0  0.0 tail
 0.1  0.2 SCREEN
 0.2  2.4 /usr/libexec/netdata/plugins.d/ebpf.plugin
 0.2  0.5 sshd:
 0.3  2.1 postgres:
 0.3  2.1 postgres:
 0.7  0.5 /usr/libexec/netdata/plugins.d/apps.plugin
 0.8  2.1 /usr/bin/python3
 1.1 10.3 /usr/sbin/netdata -D
 5.1  5.9 /usr/bin/python3
%CPU %MEM ARGS Tue Mar 22 15:47:51 UTC 2022
 0.0  0.0 tail
 0.1  0.2 SCREEN
 0.2  2.4 /usr/libexec/netdata/plugins.d/ebpf.plugin
 0.2  0.5 sshd:
 0.3  2.1 postgres:
 0.3  2.1 postgres:
 0.7  0.5 /usr/libexec/netdata/plugins.d/apps.plugin
 0.8  2.0 /usr/bin/python3
 1.1 10.4 /usr/sbin/netdata -D
 5.1  5.9 /usr/bin/python3
%CPU %MEM ARGS Tue Mar 22 15:55:34 UTC 2022
 0.0  0.0 tail
 0.1  0.2 SCREEN
 0.2  2.4 /usr/libexec/netdata/plugins.d/ebpf.plugin
 0.2  0.5 sshd:
 0.3  2.1 postgres:
 0.3  2.1 postgres:
 0.7  0.5 /usr/libexec/netdata/plugins.d/apps.plugin
 0.8  2.0 /usr/bin/python3
 1.1 10.4 /usr/sbin/netdata -D
 5.1  5.9 /usr/bin/python3
%CPU %MEM ARGS Tue Mar 22 16:17:51 UTC 2022
 0.0  0.0 tail
 0.1  0.2 SCREEN
 0.2  2.4 /usr/libexec/netdata/plugins.d/ebpf.plugin
 0.2  0.5 sshd:
 0.3  2.1 postgres:
 0.3  2.1 postgres:
 0.7  0.5 /usr/libexec/netdata/plugins.d/apps.plugin
 0.8  2.0 /usr/bin/python3
 1.1 10.4 /usr/sbin/netdata -D
 5.1  5.9 /usr/bin/python3
%CPU %MEM ARGS Tue Mar 22 16:25:34 UTC 2022
 0.0  0.0 tail
 0.1  0.2 SCREEN
 0.2  2.4 /usr/libexec/netdata/plugins.d/ebpf.plugin
 0.2  0.5 sshd:
 0.3  2.1 postgres:
 0.3  2.1 postgres:
 0.7  0.5 /usr/libexec/netdata/plugins.d/apps.plugin
 0.8  2.0 /usr/bin/python3
 1.1 10.4 /usr/sbin/netdata -D
 5.1  5.9 /usr/bin/python3
%CPU %MEM ARGS Tue Mar 22 16:47:51 UTC 2022
 0.0  0.0 tail
 0.1  0.2 SCREEN
 0.2  2.4 /usr/libexec/netdata/plugins.d/ebpf.plugin
 0.2  0.5 sshd:
 0.3  2.1 postgres:
 0.3  2.1 postgres:
 0.7  0.5 /usr/libexec/netdata/plugins.d/apps.plugin
 0.8  2.0 /usr/bin/python3
 1.1 10.4 /usr/sbin/netdata -D
 5.1  5.9 /usr/bin/python3
%CPU %MEM ARGS Tue Mar 22 16:55:34 UTC 2022
 0.0  0.0 tail
 0.1  0.2 SCREEN
 0.2  2.4 /usr/libexec/netdata/plugins.d/ebpf.plugin
 0.2  0.5 sshd:
 0.3  2.1 postgres:
 0.3  2.1 postgres:
 0.7  0.5 /usr/libexec/netdata/plugins.d/apps.plugin
 0.8  2.0 /usr/bin/python3
 1.1 10.4 /usr/sbin/netdata -D
 5.1  5.9 /usr/bin/python3
%CPU %MEM ARGS Tue Mar 22 17:17:51 UTC 2022
 0.0  0.0 tail
 0.1  0.2 SCREEN
 0.2  2.4 /usr/libexec/netdata/plugins.d/ebpf.plugin
 0.2  0.5 sshd:
 0.3  2.1 postgres:
 0.3  2.1 postgres:
 0.7  0.5 /usr/libexec/netdata/plugins.d/apps.plugin
 0.8  2.0 /usr/bin/python3
 1.1 10.4 /usr/sbin/netdata -D
 5.1  5.8 /usr/bin/python3
%CPU %MEM ARGS Tue Mar 22 17:25:34 UTC 2022
 0.0  0.0 tail
 0.1  0.2 SCREEN
 0.2  2.4 /usr/libexec/netdata/plugins.d/ebpf.plugin
 0.2  0.5 sshd:
 0.3  2.1 postgres:
 0.3  2.1 postgres:
 0.7  0.5 /usr/libexec/netdata/plugins.d/apps.plugin
 0.8  2.0 /usr/bin/python3
 1.1 10.4 /usr/sbin/netdata -D
 5.1  5.8 /usr/bin/python3
%CPU %MEM ARGS Tue Mar 22 17:47:51 UTC 2022
 0.0  0.0 tail
 0.1  0.2 SCREEN
 0.2  2.4 /usr/libexec/netdata/plugins.d/ebpf.plugin
 0.2  0.5 sshd:
 0.3  2.1 postgres:
 0.3  2.1 postgres:
 0.7  0.5 /usr/libexec/netdata/plugins.d/apps.plugin
 0.8  2.0 /usr/bin/python3
 1.1 10.5 /usr/sbin/netdata -D
 5.1  5.8 /usr/bin/python3
%CPU %MEM ARGS Tue Mar 22 17:55:34 UTC 2022
 0.0  0.0 tail
 0.1  0.2 SCREEN
 0.2  2.4 /usr/libexec/netdata/plugins.d/ebpf.plugin
 0.2  0.5 sshd:
 0.3  2.1 postgres:
 0.3  2.1 postgres:
 0.7  0.5 /usr/libexec/netdata/plugins.d/apps.plugin
 0.8  2.0 /usr/bin/python3
 1.1 10.5 /usr/sbin/netdata -D
 5.1  5.8 /usr/bin/python3
%CPU %MEM ARGS Tue Mar 22 18:17:51 UTC 2022
 0.0  0.0 tail
 0.1  0.2 SCREEN
 0.2  2.4 /usr/libexec/netdata/plugins.d/ebpf.plugin
 0.2  0.5 sshd:
 0.3  2.1 postgres:
 0.3  2.1 postgres:
 0.7  0.5 /usr/libexec/netdata/plugins.d/apps.plugin
 0.8  2.0 /usr/bin/python3
 1.1 10.5 /usr/sbin/netdata -D
 5.1  5.8 /usr/bin/python3
%CPU %MEM ARGS Tue Mar 22 18:25:34 UTC 2022
 0.0  0.0 tail
 0.1  0.2 SCREEN
 0.2  2.4 /usr/libexec/netdata/plugins.d/ebpf.plugin
 0.2  0.5 sshd:
 0.3  2.1 postgres:
 0.3  2.1 postgres:
 0.7  0.5 /usr/libexec/netdata/plugins.d/apps.plugin
 0.8  2.0 /usr/bin/python3
 1.1 10.5 /usr/sbin/netdata -D
 5.1  5.8 /usr/bin/python3
%CPU %MEM ARGS Tue Mar 22 18:47:51 UTC 2022
 0.0  0.0 tail
 0.1  0.2 SCREEN
 0.2  2.4 /usr/libexec/netdata/plugins.d/ebpf.plugin
 0.2  0.5 sshd:
 0.3  2.1 postgres:
 0.3  2.1 postgres:
 0.7  0.5 /usr/libexec/netdata/plugins.d/apps.plugin
 0.8  2.0 /usr/bin/python3
 1.1 10.6 /usr/sbin/netdata -D
 5.1  5.8 /usr/bin/python3
%CPU %MEM ARGS Tue Mar 22 18:55:34 UTC 2022
 0.0  0.0 tail
 0.1  0.2 SCREEN
 0.2  2.4 /usr/libexec/netdata/plugins.d/ebpf.plugin
 0.2  0.5 sshd:
 0.3  2.1 postgres:
 0.3  2.1 postgres:
 0.7  0.5 /usr/libexec/netdata/plugins.d/apps.plugin
 0.8  2.0 /usr/bin/python3
 1.1 10.6 /usr/sbin/netdata -D
 5.1  5.8 /usr/bin/python3
%CPU %MEM ARGS Tue Mar 22 19:17:51 UTC 2022
 0.0  0.0 tail
 0.1  0.2 SCREEN
 0.2  2.4 /usr/libexec/netdata/plugins.d/ebpf.plugin
 0.2  0.5 sshd:
 0.3  2.1 postgres:
 0.3  2.1 postgres:
 0.7  0.5 /usr/libexec/netdata/plugins.d/apps.plugin
 0.8  2.0 /usr/bin/python3
 1.1 10.6 /usr/sbin/netdata -D
 5.1  5.8 /usr/bin/python3
%CPU %MEM ARGS Tue Mar 22 19:25:34 UTC 2022
 0.0  0.0 tail
 0.1  0.2 SCREEN
 0.2  2.4 /usr/libexec/netdata/plugins.d/ebpf.plugin
 0.2  0.5 sshd:
 0.3  2.1 postgres:
 0.3  2.1 postgres:
 0.7  0.5 /usr/libexec/netdata/plugins.d/apps.plugin
 0.8  2.0 /usr/bin/python3
 1.1 10.6 /usr/sbin/netdata -D
 5.1  5.8 /usr/bin/python3
%CPU %MEM ARGS Tue Mar 22 19:47:51 UTC 2022
 0.0  0.0 tail
 0.1  0.2 SCREEN
 0.2  2.4 /usr/libexec/netdata/plugins.d/ebpf.plugin
 0.2  0.5 sshd:
 0.3  2.1 postgres:
 0.3  2.1 postgres:
 0.7  0.5 /usr/libexec/netdata/plugins.d/apps.plugin
 0.8  2.0 /usr/bin/python3
 1.1 10.7 /usr/sbin/netdata -D
 5.1  5.8 /usr/bin/python3
%CPU %MEM ARGS Tue Mar 22 19:55:34 UTC 2022
 0.0  0.0 tail
 0.1  0.2 SCREEN
 0.2  2.4 /usr/libexec/netdata/plugins.d/ebpf.plugin
 0.2  0.5 sshd:
 0.3  2.0 postgres:
 0.3  2.0 postgres:
 0.7  0.5 /usr/libexec/netdata/plugins.d/apps.plugin
 0.8  2.0 /usr/bin/python3
 1.1 10.7 /usr/sbin/netdata -D
 5.1  5.8 /usr/bin/python3
%CPU %MEM ARGS Tue Mar 22 20:17:51 UTC 2022
 0.0  0.0 tail
 0.1  0.2 SCREEN
 0.2  2.4 /usr/libexec/netdata/plugins.d/ebpf.plugin
 0.2  0.5 sshd:
 0.3  2.0 postgres:
 0.3  2.0 postgres:
 0.7  0.5 /usr/libexec/netdata/plugins.d/apps.plugin
 0.8  2.0 /usr/bin/python3
 1.1 10.7 /usr/sbin/netdata -D
 5.1  5.8 /usr/bin/python3
%CPU %MEM ARGS Tue Mar 22 20:25:34 UTC 2022
 0.0  0.0 tail
 0.1  0.2 SCREEN
 0.2  2.4 /usr/libexec/netdata/plugins.d/ebpf.plugin
 0.2  0.5 sshd:
 0.3  2.0 postgres:
 0.3  2.0 postgres:
 0.7  0.5 /usr/libexec/netdata/plugins.d/apps.plugin
 0.8  2.0 /usr/bin/python3
 1.1 10.7 /usr/sbin/netdata -D
 5.1  5.8 /usr/bin/python3
%CPU %MEM ARGS Tue Mar 22 20:47:51 UTC 2022
 0.0  0.0 tail
 0.1  0.2 SCREEN
 0.2  2.4 /usr/libexec/netdata/plugins.d/ebpf.plugin
 0.2  0.5 sshd:
 0.3  2.0 postgres:
 0.3  2.0 postgres:
 0.7  0.5 /usr/libexec/netdata/plugins.d/apps.plugin
 0.8  2.0 /usr/bin/python3
 1.1 10.7 /usr/sbin/netdata -D
 5.1  5.8 /usr/bin/python3
%CPU %MEM ARGS Tue Mar 22 20:55:34 UTC 2022
 0.0  0.0 tail
 0.1  0.2 SCREEN
 0.2  2.4 /usr/libexec/netdata/plugins.d/ebpf.plugin
 0.2  0.5 sshd:
 0.3  2.0 postgres:
 0.3  2.0 postgres:
 0.7  0.5 /usr/libexec/netdata/plugins.d/apps.plugin
 0.8  2.0 /usr/bin/python3
 1.1 10.7 /usr/sbin/netdata -D
 5.1  5.8 /usr/bin/python3
%CPU %MEM ARGS Tue Mar 22 21:17:51 UTC 2022
 0.0  0.0 tail
 0.1  0.2 SCREEN
 0.2  2.4 /usr/libexec/netdata/plugins.d/ebpf.plugin
 0.2  0.5 sshd:
 0.3  2.0 postgres:
 0.3  2.0 postgres:
 0.7  0.5 /usr/libexec/netdata/plugins.d/apps.plugin
 0.8  2.0 /usr/bin/python3
 1.1 10.7 /usr/sbin/netdata -D
 5.1  5.8 /usr/bin/python3
%CPU %MEM ARGS Tue Mar 22 21:25:34 UTC 2022
 0.0  0.0 tail
 0.1  0.2 SCREEN
 0.2  2.4 /usr/libexec/netdata/plugins.d/ebpf.plugin
 0.2  0.5 sshd:
 0.3  2.0 postgres:
 0.3  2.0 postgres:
 0.7  0.5 /usr/libexec/netdata/plugins.d/apps.plugin
 0.8  2.0 /usr/bin/python3
 1.1 10.7 /usr/sbin/netdata -D
 5.1  5.8 /usr/bin/python3
%CPU %MEM ARGS Tue Mar 22 21:47:51 UTC 2022
 0.0  0.0 tail
 0.1  0.2 SCREEN
 0.2  2.4 /usr/libexec/netdata/plugins.d/ebpf.plugin
 0.2  0.5 sshd:
 0.3  2.0 postgres:
 0.3  2.0 postgres:
 0.7  0.5 /usr/libexec/netdata/plugins.d/apps.plugin
 0.8  2.0 /usr/bin/python3
 1.1 10.7 /usr/sbin/netdata -D
 5.1  5.8 /usr/bin/python3
%CPU %MEM ARGS Tue Mar 22 21:55:34 UTC 2022
 0.0  0.0 tail
 0.1  0.2 SCREEN
 0.2  2.4 /usr/libexec/netdata/plugins.d/ebpf.plugin
 0.2  0.5 sshd:
 0.3  2.0 postgres:
 0.3  2.0 postgres:
 0.7  0.5 /usr/libexec/netdata/plugins.d/apps.plugin
 0.8  2.0 /usr/bin/python3
 1.1 10.7 /usr/sbin/netdata -D
 5.1  5.8 /usr/bin/python3
%CPU %MEM ARGS Tue Mar 22 22:17:51 UTC 2022
 0.0  0.0 tail
 0.1  0.2 SCREEN
 0.2  2.4 /usr/libexec/netdata/plugins.d/ebpf.plugin
 0.2  0.5 sshd:
 0.3  2.0 postgres:
 0.3  2.0 postgres:
 0.7  0.5 /usr/libexec/netdata/plugins.d/apps.plugin
 0.8  2.0 /usr/bin/python3
 1.1 10.7 /usr/sbin/netdata -D
 5.1  5.8 /usr/bin/python3
%CPU %MEM ARGS Tue Mar 22 22:25:34 UTC 2022
 0.0  0.0 tail
 0.1  0.2 SCREEN
 0.2  2.4 /usr/libexec/netdata/plugins.d/ebpf.plugin
 0.2  0.5 sshd:
 0.3  2.0 postgres:
 0.3  2.0 postgres:
 0.7  0.5 /usr/libexec/netdata/plugins.d/apps.plugin
 0.8  2.0 /usr/bin/python3
 1.1 10.7 /usr/sbin/netdata -D
 5.1  5.8 /usr/bin/python3
%CPU %MEM ARGS Tue Mar 22 22:47:51 UTC 2022
 0.0  0.0 tail
 0.1  0.2 SCREEN
 0.2  2.4 /usr/libexec/netdata/plugins.d/ebpf.plugin
 0.2  0.5 sshd:
 0.3  2.0 postgres:
 0.3  2.0 postgres:
 0.7  0.5 /usr/libexec/netdata/plugins.d/apps.plugin
 0.8  2.0 /usr/bin/python3
 1.1 10.7 /usr/sbin/netdata -D
 5.1  5.8 /usr/bin/python3
%CPU %MEM ARGS Tue Mar 22 22:55:34 UTC 2022
 0.0  0.0 tail
 0.1  0.2 SCREEN
 0.2  2.4 /usr/libexec/netdata/plugins.d/ebpf.plugin
 0.2  0.5 sshd:
 0.3  2.0 postgres:
 0.3  2.0 postgres:
 0.7  0.5 /usr/libexec/netdata/plugins.d/apps.plugin
 0.8  2.0 /usr/bin/python3
 1.1 10.7 /usr/sbin/netdata -D
 5.1  5.7 /usr/bin/python3
%CPU %MEM ARGS Tue Mar 22 23:17:51 UTC 2022
 0.0  0.0 tail
 0.1  0.2 SCREEN
 0.2  2.4 /usr/libexec/netdata/plugins.d/ebpf.plugin
 0.2  0.5 sshd:
 0.3  2.0 postgres:
 0.3  2.0 postgres:
 0.7  0.5 /usr/libexec/netdata/plugins.d/apps.plugin
 0.8  2.0 /usr/bin/python3
 1.1 10.8 /usr/sbin/netdata -D
 5.1  5.7 /usr/bin/python3
%CPU %MEM ARGS Tue Mar 22 23:25:34 UTC 2022
 0.0  0.0 tail
 0.1  0.2 SCREEN
 0.2  2.4 /usr/libexec/netdata/plugins.d/ebpf.plugin
 0.2  0.5 sshd:
 0.3  2.0 postgres:
 0.3  2.0 postgres:
 0.7  0.5 /usr/libexec/netdata/plugins.d/apps.plugin
 0.8  2.0 /usr/bin/python3
 1.1 10.8 /usr/sbin/netdata -D
 5.1  5.7 /usr/bin/python3
%CPU %MEM ARGS Tue Mar 22 23:47:51 UTC 2022
 0.0  0.0 tail
 0.1  0.2 SCREEN
 0.2  2.4 /usr/libexec/netdata/plugins.d/ebpf.plugin
 0.2  0.5 sshd:
 0.3  2.0 postgres:
 0.3  2.0 postgres:
 0.7  0.5 /usr/libexec/netdata/plugins.d/apps.plugin
 0.8  2.0 /usr/bin/python3
 1.1 10.8 /usr/sbin/netdata -D
 5.1  5.6 /usr/bin/python3
%CPU %MEM ARGS Tue Mar 22 23:55:34 UTC 2022
 0.0  0.0 tail
 0.1  0.2 SCREEN
 0.2  2.4 /usr/libexec/netdata/plugins.d/ebpf.plugin
 0.2  0.5 sshd:
 0.3  2.0 postgres:
 0.3  2.0 postgres:
 0.7  0.5 /usr/libexec/netdata/plugins.d/apps.plugin
 0.8  2.0 /usr/bin/python3
 1.1 10.8 /usr/sbin/netdata -D
 5.1  5.6 /usr/bin/python3
%CPU %MEM ARGS Wed Mar 23 00:17:51 UTC 2022
 0.0  0.0 tail
 0.1  0.2 SCREEN
 0.2  2.4 /usr/libexec/netdata/plugins.d/ebpf.plugin
 0.2  0.5 sshd:
 0.3  2.0 postgres:
 0.3  2.0 postgres:
 0.7  0.5 /usr/libexec/netdata/plugins.d/apps.plugin
 0.8  2.0 /usr/bin/python3
 1.1 10.8 /usr/sbin/netdata -D
 5.1  5.6 /usr/bin/python3
%CPU %MEM ARGS Wed Mar 23 00:25:34 UTC 2022
 0.0  0.0 tail
 0.1  0.2 SCREEN
 0.2  2.4 /usr/libexec/netdata/plugins.d/ebpf.plugin
 0.2  0.5 sshd:
 0.3  2.0 postgres:
 0.3  2.0 postgres:
 0.7  0.5 /usr/libexec/netdata/plugins.d/apps.plugin
 0.8  2.0 /usr/bin/python3
 1.1 10.8 /usr/sbin/netdata -D
 5.1  5.6 /usr/bin/python3
%CPU %MEM ARGS Wed Mar 23 00:47:51 UTC 2022
 0.0  0.0 tail
 0.1  0.2 SCREEN
 0.2  2.4 /usr/libexec/netdata/plugins.d/ebpf.plugin
 0.2  0.5 sshd:
 0.3  2.0 postgres:
 0.3  2.0 postgres:
 0.7  0.5 /usr/libexec/netdata/plugins.d/apps.plugin
 0.8  2.0 /usr/bin/python3
 1.1 10.8 /usr/sbin/netdata -D
 5.1  5.6 /usr/bin/python3
%CPU %MEM ARGS Wed Mar 23 00:55:34 UTC 2022
 0.0  0.0 tail
 0.1  0.2 SCREEN
 0.2  2.4 /usr/libexec/netdata/plugins.d/ebpf.plugin
 0.2  0.5 sshd:
 0.3  2.0 postgres:
 0.3  2.0 postgres:
 0.7  0.5 /usr/libexec/netdata/plugins.d/apps.plugin
 0.8  2.0 /usr/bin/python3
 1.1 10.8 /usr/sbin/netdata -D
 5.1  5.6 /usr/bin/python3
%CPU %MEM ARGS Wed Mar 23 01:17:51 UTC 2022
 0.0  0.0 tail
 0.1  0.2 SCREEN
 0.2  2.4 /usr/libexec/netdata/plugins.d/ebpf.plugin
 0.2  0.5 sshd:
 0.3  2.0 postgres:
 0.3  2.0 postgres:
 0.7  0.5 /usr/libexec/netdata/plugins.d/apps.plugin
 0.8  2.0 /usr/bin/python3
 1.1 10.8 /usr/sbin/netdata -D
 5.1  5.6 /usr/bin/python3
%CPU %MEM ARGS Wed Mar 23 01:25:34 UTC 2022
 0.0  0.0 tail
 0.1  0.2 SCREEN
 0.2  2.4 /usr/libexec/netdata/plugins.d/ebpf.plugin
 0.2  0.5 sshd:
 0.3  2.0 postgres:
 0.3  2.0 postgres:
 0.7  0.5 /usr/libexec/netdata/plugins.d/apps.plugin
 0.8  2.0 /usr/bin/python3
 1.1 10.8 /usr/sbin/netdata -D
 5.1  5.6 /usr/bin/python3
%CPU %MEM ARGS Wed Mar 23 01:47:51 UTC 2022
 0.0  0.0 tail
 0.1  0.2 SCREEN
 0.2  2.4 /usr/libexec/netdata/plugins.d/ebpf.plugin
 0.2  0.5 sshd:
 0.3  2.0 postgres:
 0.3  2.0 postgres:
 0.7  0.5 /usr/libexec/netdata/plugins.d/apps.plugin
 0.8  2.0 /usr/bin/python3
 1.1 11.6 /usr/sbin/netdata -D
 5.1  5.6 /usr/bin/python3
%CPU %MEM ARGS Wed Mar 23 01:55:34 UTC 2022
 0.0  0.0 tail
 0.1  0.2 SCREEN
 0.2  2.4 /usr/libexec/netdata/plugins.d/ebpf.plugin
 0.2  0.5 sshd:
 0.3  2.0 postgres:
 0.3  2.0 postgres:
 0.7  0.5 /usr/libexec/netdata/plugins.d/apps.plugin
 0.8  2.0 /usr/bin/python3
 1.1 11.6 /usr/sbin/netdata -D
 5.0  5.6 /usr/bin/python3
